[1.976s] Invoking command in '/home/ubuntuROS2/solarswarm/first_package': DEBUGINFOD_URLS=https://debuginfod.ubuntu.com PYTHONPATH=/home/ubuntuROS2/solarswarm/first_package/build/first_package/prefix_override:/usr/lib/python3/dist-packages/colcon_core/task/python/colcon_distutils_commands:/home/ubuntuROS2/solarswarm/first_package/install/first_package/lib/python3.12/site-packages:${PYTHONPATH} /usr/bin/python3 -W ignore:setup.py install is deprecated -W ignore:easy_install command is deprecated setup.py egg_info --egg-base build/first_package build --build-base /home/ubuntuROS2/solarswarm/first_package/build/first_package/build install --record /home/ubuntuROS2/solarswarm/first_package/build/first_package/install.log --single-version-externally-managed install_data
[2.268s] running egg_info
[2.271s] creating build/first_package/first_package.egg-info
[2.328s] writing build/first_package/first_package.egg-info/PKG-INFO
[2.328s] writing dependency_links to build/first_package/first_package.egg-info/dependency_links.txt
[2.328s] writing entry points to build/first_package/first_package.egg-info/entry_points.txt
[2.328s] writing requirements to build/first_package/first_package.egg-info/requires.txt
[2.328s] writing top-level names to build/first_package/first_package.egg-info/top_level.txt
[2.328s] writing manifest file 'build/first_package/first_package.egg-info/SOURCES.txt'
[2.328s] reading manifest file 'build/first_package/first_package.egg-info/SOURCES.txt'
[2.328s] adding license file 'LICENSE'
[2.328s] writing manifest file 'build/first_package/first_package.egg-info/SOURCES.txt'
[2.328s] running build
[2.328s] running build_py
[2.329s] creating /home/ubuntuROS2/solarswarm/first_package/build/first_package/build
[2.329s] creating /home/ubuntuROS2/solarswarm/first_package/build/first_package/build/lib
[2.329s] creating /home/ubuntuROS2/solarswarm/first_package/build/first_package/build/lib/first_package
[2.329s] copying first_package/__init__.py -> /home/ubuntuROS2/solarswarm/first_package/build/first_package/build/lib/first_package
[2.329s] copying first_package/simple_pub.py -> /home/ubuntuROS2/solarswarm/first_package/build/first_package/build/lib/first_package
[2.329s] running install
[2.351s] running install_lib
[2.376s] creating /home/ubuntuROS2/solarswarm/first_package/install/first_package/lib/python3.12/site-packages/first_package
[2.376s] copying /home/ubuntuROS2/solarswarm/first_package/build/first_package/build/lib/first_package/__init__.py -> /home/ubuntuROS2/solarswarm/first_package/install/first_package/lib/python3.12/site-packages/first_package
[2.378s] copying /home/ubuntuROS2/solarswarm/first_package/build/first_package/build/lib/first_package/simple_pub.py -> /home/ubuntuROS2/solarswarm/first_package/install/first_package/lib/python3.12/site-packages/first_package
[2.380s] byte-compiling /home/ubuntuROS2/solarswarm/first_package/install/first_package/lib/python3.12/site-packages/first_package/__init__.py to __init__.cpython-312.pyc
[2.383s] byte-compiling /home/ubuntuROS2/solarswarm/first_package/install/first_package/lib/python3.12/site-packages/first_package/simple_pub.py to simple_pub.cpython-312.pyc
[2.385s] running install_data
[2.387s] creating /home/ubuntuROS2/solarswarm/first_package/install/first_package/share/ament_index
[2.387s] creating /home/ubuntuROS2/solarswarm/first_package/install/first_package/share/ament_index/resource_index
[2.387s] creating /home/ubuntuROS2/solarswarm/first_package/install/first_package/share/ament_index/resource_index/packages
[2.387s] copying resource/first_package -> /home/ubuntuROS2/solarswarm/first_package/install/first_package/share/ament_index/resource_index/packages
[2.387s] copying package.xml -> /home/ubuntuROS2/solarswarm/first_package/install/first_package/share/first_package
[2.495s] running install_egg_info
[2.496s] Copying build/first_package/first_package.egg-info to /home/ubuntuROS2/solarswarm/first_package/install/first_package/lib/python3.12/site-packages/first_package-0.0.0-py3.12.egg-info
[2.496s] running install_scripts
[2.575s] Installing simple_pub script to /home/ubuntuROS2/solarswarm/first_package/install/first_package/lib/first_package
[2.575s] writing list of installed files to '/home/ubuntuROS2/solarswarm/first_package/build/first_package/install.log'
[2.584s] Invoked command in '/home/ubuntuROS2/solarswarm/first_package' returned '0': DEBUGINFOD_URLS=https://debuginfod.ubuntu.com PYTHONPATH=/home/ubuntuROS2/solarswarm/first_package/build/first_package/prefix_override:/usr/lib/python3/dist-packages/colcon_core/task/python/colcon_distutils_commands:/home/ubuntuROS2/solarswarm/first_package/install/first_package/lib/python3.12/site-packages:${PYTHONPATH} /usr/bin/python3 -W ignore:setup.py install is deprecated -W ignore:easy_install command is deprecated setup.py egg_info --egg-base build/first_package build --build-base /home/ubuntuROS2/solarswarm/first_package/build/first_package/build install --record /home/ubuntuROS2/solarswarm/first_package/build/first_package/install.log --single-version-externally-managed install_data
