[1.152s] Invoking command in '/home/robinbrack/Documents/ROS/Solar/ros2_ws/src/py_pubsub': PYTHONPATH=/home/robinbrack/Documents/ROS/Solar/ros2_ws/build/py_pubsub/prefix_override:/usr/lib/python3/dist-packages/colcon_core/task/python/colcon_distutils_commands:/home/robinbrack/Documents/ROS/Solar/ros2_ws/install/py_pubsub/lib/python3.12/site-packages:${PYTHONPATH} /usr/bin/python3 -W ignore:setup.py install is deprecated -W ignore:easy_install command is deprecated setup.py egg_info --egg-base ../../build/py_pubsub build --build-base /home/robinbrack/Documents/ROS/Solar/ros2_ws/build/py_pubsub/build install --record /home/robinbrack/Documents/ROS/Solar/ros2_ws/build/py_pubsub/install.log --single-version-externally-managed install_data
[1.440s] running egg_info
[1.440s] creating ../../build/py_pubsub/py_pubsub.egg-info
[1.461s] writing ../../build/py_pubsub/py_pubsub.egg-info/PKG-INFO
[1.461s] writing dependency_links to ../../build/py_pubsub/py_pubsub.egg-info/dependency_links.txt
[1.462s] writing entry points to ../../build/py_pubsub/py_pubsub.egg-info/entry_points.txt
[1.462s] writing requirements to ../../build/py_pubsub/py_pubsub.egg-info/requires.txt
[1.462s] writing top-level names to ../../build/py_pubsub/py_pubsub.egg-info/top_level.txt
[1.462s] writing manifest file '../../build/py_pubsub/py_pubsub.egg-info/SOURCES.txt'
[1.505s] reading manifest file '../../build/py_pubsub/py_pubsub.egg-info/SOURCES.txt'
[1.506s] adding license file 'LICENSE'
[1.507s] writing manifest file '../../build/py_pubsub/py_pubsub.egg-info/SOURCES.txt'
[1.507s] running build
[1.507s] running build_py
[1.507s] creating /home/robinbrack/Documents/ROS/Solar/ros2_ws/build/py_pubsub/build
[1.507s] creating /home/robinbrack/Documents/ROS/Solar/ros2_ws/build/py_pubsub/build/lib
[1.507s] creating /home/robinbrack/Documents/ROS/Solar/ros2_ws/build/py_pubsub/build/lib/py_pubsub
[1.508s] copying py_pubsub/__init__.py -> /home/robinbrack/Documents/ROS/Solar/ros2_ws/build/py_pubsub/build/lib/py_pubsub
[1.508s] copying py_pubsub/publisher_member_function.py -> /home/robinbrack/Documents/ROS/Solar/ros2_ws/build/py_pubsub/build/lib/py_pubsub
[1.508s] running install
[1.517s] running install_lib
[1.543s] creating /home/robinbrack/Documents/ROS/Solar/ros2_ws/install/py_pubsub/lib/python3.12/site-packages/py_pubsub
[1.543s] copying /home/robinbrack/Documents/ROS/Solar/ros2_ws/build/py_pubsub/build/lib/py_pubsub/__init__.py -> /home/robinbrack/Documents/ROS/Solar/ros2_ws/install/py_pubsub/lib/python3.12/site-packages/py_pubsub
[1.544s] copying /home/robinbrack/Documents/ROS/Solar/ros2_ws/build/py_pubsub/build/lib/py_pubsub/publisher_member_function.py -> /home/robinbrack/Documents/ROS/Solar/ros2_ws/install/py_pubsub/lib/python3.12/site-packages/py_pubsub
[1.544s] byte-compiling /home/robinbrack/Documents/ROS/Solar/ros2_ws/install/py_pubsub/lib/python3.12/site-packages/py_pubsub/__init__.py to __init__.cpython-312.pyc
[1.545s] byte-compiling /home/robinbrack/Documents/ROS/Solar/ros2_ws/install/py_pubsub/lib/python3.12/site-packages/py_pubsub/publisher_member_function.py to publisher_member_function.cpython-312.pyc
[1.546s] running install_data
[1.546s] creating /home/robinbrack/Documents/ROS/Solar/ros2_ws/install/py_pubsub/share/ament_index
[1.546s] creating /home/robinbrack/Documents/ROS/Solar/ros2_ws/install/py_pubsub/share/ament_index/resource_index
[1.546s] creating /home/robinbrack/Documents/ROS/Solar/ros2_ws/install/py_pubsub/share/ament_index/resource_index/packages
[1.546s] copying resource/py_pubsub -> /home/robinbrack/Documents/ROS/Solar/ros2_ws/install/py_pubsub/share/ament_index/resource_index/packages
[1.547s] copying package.xml -> /home/robinbrack/Documents/ROS/Solar/ros2_ws/install/py_pubsub/share/py_pubsub
[1.547s] running install_egg_info
[1.570s] Copying ../../build/py_pubsub/py_pubsub.egg-info to /home/robinbrack/Documents/ROS/Solar/ros2_ws/install/py_pubsub/lib/python3.12/site-packages/py_pubsub-0.0.0-py3.12.egg-info
[1.570s] running install_scripts
[1.721s] Installing turtle_publisher script to /home/robinbrack/Documents/ROS/Solar/ros2_ws/install/py_pubsub/lib/py_pubsub
[1.721s] writing list of installed files to '/home/robinbrack/Documents/ROS/Solar/ros2_ws/build/py_pubsub/install.log'
[1.746s] Invoked command in '/home/robinbrack/Documents/ROS/Solar/ros2_ws/src/py_pubsub' returned '0': PYTHONPATH=/home/robinbrack/Documents/ROS/Solar/ros2_ws/build/py_pubsub/prefix_override:/usr/lib/python3/dist-packages/colcon_core/task/python/colcon_distutils_commands:/home/robinbrack/Documents/ROS/Solar/ros2_ws/install/py_pubsub/lib/python3.12/site-packages:${PYTHONPATH} /usr/bin/python3 -W ignore:setup.py install is deprecated -W ignore:easy_install command is deprecated setup.py egg_info --egg-base ../../build/py_pubsub build --build-base /home/robinbrack/Documents/ROS/Solar/ros2_ws/build/py_pubsub/build install --record /home/robinbrack/Documents/ROS/Solar/ros2_ws/build/py_pubsub/install.log --single-version-externally-managed install_data
