[0.061s] DEBUG:colcon:Command line arguments: ['/usr/bin/colcon', 'build', '--packages-select', 'turtle_subscriber']
[0.061s] DEBUG:colcon:Parsed command line arguments: Namespace(log_base=None, log_level=None, verb_name='build', build_base='build', install_base='install', merge_install=False, symlink_install=False, test_result_base=None, continue_on_error=False, executor='parallel', parallel_workers=8, event_handlers=None, ignore_user_meta=False, metas=['./colcon.meta'], base_paths=['.'], packages_ignore=None, packages_ignore_regex=None, paths=None, packages_up_to=None, packages_up_to_regex=None, packages_above=None, packages_above_and_dependencies=None, packages_above_depth=None, packages_select_by_dep=None, packages_skip_by_dep=None, packages_skip_up_to=None, packages_select_build_failed=False, packages_skip_build_finished=False, packages_select_test_failures=False, packages_skip_test_passed=False, packages_select=['turtle_subscriber'], packages_skip=None, packages_select_regex=None, packages_skip_regex=None, packages_start=None, packages_end=None, allow_overriding=[], cmake_args=None, cmake_target=None, cmake_target_skip_unavailable=False, cmake_clean_cache=False, cmake_clean_first=False, cmake_force_configure=False, ament_cmake_args=None, catkin_cmake_args=None, catkin_skip_building_tests=False, mixin_files=None, mixin=None, verb_parser=<colcon_mixin.mixin.mixin_argument.MixinArgumentDecorator object at 0x7a9b64eb0440>, verb_extension=<colcon_core.verb.build.BuildVerb object at 0x7a9b64eb0140>, main=<bound method BuildVerb.main of <colcon_core.verb.build.BuildVerb object at 0x7a9b64eb0140>>, mixin_verb=('build',))
[0.084s] Level 1:colcon.colcon_core.package_discovery:discover_packages(colcon_meta) check parameters
[0.085s] Level 1:colcon.colcon_core.package_discovery:discover_packages(recursive) check parameters
[0.085s] Level 1:colcon.colcon_core.package_discovery:discover_packages(ignore) check parameters
[0.085s] Level 1:colcon.colcon_core.package_discovery:discover_packages(path) check parameters
[0.085s] Level 1:colcon.colcon_core.package_discovery:discover_packages(colcon_meta) discover
[0.085s] Level 1:colcon.colcon_core.package_discovery:discover_packages(recursive) discover
[0.085s] INFO:colcon.colcon_core.package_discovery:Crawling recursively for packages in '/home/vboxuser/Documents/SoftwarePrakt/SolarSwarm-Node-Visualizer/ros_ws'
[0.085s] Level 1:colcon.colcon_core.package_identification:_identify(.) by extensions ['ignore', 'ignore_ament_install']
[0.085s] Level 1:colcon.colcon_core.package_identification:_identify(.) by extension 'ignore'
[0.085s] Level 1:colcon.colcon_core.package_identification:_identify(.) by extension 'ignore_ament_install'
[0.085s] Level 1:colcon.colcon_core.package_identification:_identify(.) by extensions ['colcon_pkg']
[0.085s] Level 1:colcon.colcon_core.package_identification:_identify(.) by extension 'colcon_pkg'
[0.085s] Level 1:colcon.colcon_core.package_identification:_identify(.) by extensions ['colcon_meta']
[0.085s] Level 1:colcon.colcon_core.package_identification:_identify(.) by extension 'colcon_meta'
[0.085s] Level 1:colcon.colcon_core.package_identification:_identify(.) by extensions ['ros']
[0.085s] Level 1:colcon.colcon_core.package_identification:_identify(.) by extension 'ros'
[0.101s] Level 1:colcon.colcon_core.package_identification:_identify(.) by extensions ['cmake', 'python']
[0.101s] Level 1:colcon.colcon_core.package_identification:_identify(.) by extension 'cmake'
[0.101s] Level 1:colcon.colcon_core.package_identification:_identify(.) by extension 'python'
[0.101s] Level 1:colcon.colcon_core.package_identification:_identify(.) by extensions ['python_setup_py']
[0.101s] Level 1:colcon.colcon_core.package_identification:_identify(.) by extension 'python_setup_py'
[0.101s] Level 1:colcon.colcon_core.package_identification:_identify(build) by extensions ['ignore', 'ignore_ament_install']
[0.102s] Level 1:colcon.colcon_core.package_identification:_identify(build) by extension 'ignore'
[0.102s] Level 1:colcon.colcon_core.package_identification:_identify(build) ignored
[0.102s] Level 1:colcon.colcon_core.package_identification:_identify(install) by extensions ['ignore', 'ignore_ament_install']
[0.102s] Level 1:colcon.colcon_core.package_identification:_identify(install) by extension 'ignore'
[0.102s] Level 1:colcon.colcon_core.package_identification:_identify(install) ignored
[0.102s] Level 1:colcon.colcon_core.package_identification:_identify(log) by extensions ['ignore', 'ignore_ament_install']
[0.102s] Level 1:colcon.colcon_core.package_identification:_identify(log) by extension 'ignore'
[0.102s] Level 1:colcon.colcon_core.package_identification:_identify(log) ignored
[0.102s] Level 1:colcon.colcon_core.package_identification:_identify(src) by extensions ['ignore', 'ignore_ament_install']
[0.102s] Level 1:colcon.colcon_core.package_identification:_identify(src) by extension 'ignore'
[0.102s] Level 1:colcon.colcon_core.package_identification:_identify(src) by extension 'ignore_ament_install'
[0.103s] Level 1:colcon.colcon_core.package_identification:_identify(src) by extensions ['colcon_pkg']
[0.103s] Level 1:colcon.colcon_core.package_identification:_identify(src) by extension 'colcon_pkg'
[0.103s] Level 1:colcon.colcon_core.package_identification:_identify(src) by extensions ['colcon_meta']
[0.103s] Level 1:colcon.colcon_core.package_identification:_identify(src) by extension 'colcon_meta'
[0.103s] Level 1:colcon.colcon_core.package_identification:_identify(src) by extensions ['ros']
[0.103s] Level 1:colcon.colcon_core.package_identification:_identify(src) by extension 'ros'
[0.103s] Level 1:colcon.colcon_core.package_identification:_identify(src) by extensions ['cmake', 'python']
[0.103s] Level 1:colcon.colcon_core.package_identification:_identify(src) by extension 'cmake'
[0.103s] Level 1:colcon.colcon_core.package_identification:_identify(src) by extension 'python'
[0.103s] Level 1:colcon.colcon_core.package_identification:_identify(src) by extensions ['python_setup_py']
[0.103s] Level 1:colcon.colcon_core.package_identification:_identify(src) by extension 'python_setup_py'
[0.103s] Level 1:colcon.colcon_core.package_identification:_identify(src/turtle_subscriber) by extensions ['ignore', 'ignore_ament_install']
[0.103s] Level 1:colcon.colcon_core.package_identification:_identify(src/turtle_subscriber) by extension 'ignore'
[0.103s] Level 1:colcon.colcon_core.package_identification:_identify(src/turtle_subscriber) by extension 'ignore_ament_install'
[0.103s] Level 1:colcon.colcon_core.package_identification:_identify(src/turtle_subscriber) by extensions ['colcon_pkg']
[0.103s] Level 1:colcon.colcon_core.package_identification:_identify(src/turtle_subscriber) by extension 'colcon_pkg'
[0.103s] Level 1:colcon.colcon_core.package_identification:_identify(src/turtle_subscriber) by extensions ['colcon_meta']
[0.103s] Level 1:colcon.colcon_core.package_identification:_identify(src/turtle_subscriber) by extension 'colcon_meta'
[0.103s] Level 1:colcon.colcon_core.package_identification:_identify(src/turtle_subscriber) by extensions ['ros']
[0.103s] Level 1:colcon.colcon_core.package_identification:_identify(src/turtle_subscriber) by extension 'ros'
[0.104s] DEBUG:colcon.colcon_core.package_identification:Package 'src/turtle_subscriber' with type 'ros.ament_python' and name 'turtle_subscriber'
[0.104s] Level 1:colcon.colcon_core.package_discovery:discover_packages(recursive) using defaults
[0.104s] Level 1:colcon.colcon_core.package_discovery:discover_packages(ignore) discover
[0.104s] Level 1:colcon.colcon_core.package_discovery:discover_packages(ignore) using defaults
[0.104s] Level 1:colcon.colcon_core.package_discovery:discover_packages(path) discover
[0.104s] Level 1:colcon.colcon_core.package_discovery:discover_packages(path) using defaults
[0.114s] Level 1:colcon.colcon_core.package_discovery:discover_packages(prefix_path) check parameters
[0.114s] Level 1:colcon.colcon_core.package_discovery:discover_packages(prefix_path) discover
[0.115s] DEBUG:colcon.colcon_installed_package_information.package_discovery:Found 1 installed packages in /home/vboxuser/Documents/SoftwarePrakt/SolarSwarm-Node-Visualizer/ros_ws/install
[0.116s] DEBUG:colcon.colcon_installed_package_information.package_discovery:Found 285 installed packages in /opt/ros/jazzy
[0.117s] Level 1:colcon.colcon_core.package_discovery:discover_packages(prefix_path) using defaults
[0.136s] Level 5:colcon.colcon_core.verb:set package 'turtle_subscriber' build argument 'cmake_args' from command line to 'None'
[0.136s] Level 5:colcon.colcon_core.verb:set package 'turtle_subscriber' build argument 'cmake_target' from command line to 'None'
[0.136s] Level 5:colcon.colcon_core.verb:set package 'turtle_subscriber' build argument 'cmake_target_skip_unavailable' from command line to 'False'
[0.136s] Level 5:colcon.colcon_core.verb:set package 'turtle_subscriber' build argument 'cmake_clean_cache' from command line to 'False'
[0.136s] Level 5:colcon.colcon_core.verb:set package 'turtle_subscriber' build argument 'cmake_clean_first' from command line to 'False'
[0.136s] Level 5:colcon.colcon_core.verb:set package 'turtle_subscriber' build argument 'cmake_force_configure' from command line to 'False'
[0.136s] Level 5:colcon.colcon_core.verb:set package 'turtle_subscriber' build argument 'ament_cmake_args' from command line to 'None'
[0.136s] Level 5:colcon.colcon_core.verb:set package 'turtle_subscriber' build argument 'catkin_cmake_args' from command line to 'None'
[0.136s] Level 5:colcon.colcon_core.verb:set package 'turtle_subscriber' build argument 'catkin_skip_building_tests' from command line to 'False'
[0.136s] DEBUG:colcon.colcon_core.verb:Building package 'turtle_subscriber' with the following arguments: {'ament_cmake_args': None, 'build_base': '/home/vboxuser/Documents/SoftwarePrakt/SolarSwarm-Node-Visualizer/ros_ws/build/turtle_subscriber', 'catkin_cmake_args': None, 'catkin_skip_building_tests': False, 'cmake_args': None, 'cmake_clean_cache': False, 'cmake_clean_first': False, 'cmake_force_configure': False, 'cmake_target': None, 'cmake_target_skip_unavailable': False, 'install_base': '/home/vboxuser/Documents/SoftwarePrakt/SolarSwarm-Node-Visualizer/ros_ws/install/turtle_subscriber', 'merge_install': False, 'path': '/home/vboxuser/Documents/SoftwarePrakt/SolarSwarm-Node-Visualizer/ros_ws/src/turtle_subscriber', 'symlink_install': False, 'test_result_base': None}
[0.136s] INFO:colcon.colcon_core.executor:Executing jobs using 'parallel' executor
[0.138s] DEBUG:colcon.colcon_parallel_executor.executor.parallel:run_until_complete
[0.138s] INFO:colcon.colcon_ros.task.ament_python.build:Building ROS package in '/home/vboxuser/Documents/SoftwarePrakt/SolarSwarm-Node-Visualizer/ros_ws/src/turtle_subscriber' with build type 'ament_python'
[0.138s] Level 1:colcon.colcon_core.shell:create_environment_hook('turtle_subscriber', 'ament_prefix_path')
[0.139s] INFO:colcon.colcon_core.plugin_system:Skipping extension 'colcon_core.shell.bat': Not used on non-Windows systems
[0.139s] INFO:colcon.colcon_core.shell:Creating environment hook '/home/vboxuser/Documents/SoftwarePrakt/SolarSwarm-Node-Visualizer/ros_ws/install/turtle_subscriber/share/turtle_subscriber/hook/ament_prefix_path.ps1'
[0.140s] INFO:colcon.colcon_core.shell:Creating environment descriptor '/home/vboxuser/Documents/SoftwarePrakt/SolarSwarm-Node-Visualizer/ros_ws/install/turtle_subscriber/share/turtle_subscriber/hook/ament_prefix_path.dsv'
[0.140s] INFO:colcon.colcon_core.shell:Creating environment hook '/home/vboxuser/Documents/SoftwarePrakt/SolarSwarm-Node-Visualizer/ros_ws/install/turtle_subscriber/share/turtle_subscriber/hook/ament_prefix_path.sh'
[0.141s] INFO:colcon.colcon_core.shell:Skip shell extension 'powershell' for command environment: Not usable outside of PowerShell
[0.141s] DEBUG:colcon.colcon_core.shell:Skip shell extension 'dsv' for command environment
[0.273s] INFO:colcon.colcon_core.task.python.build:Building Python package in '/home/vboxuser/Documents/SoftwarePrakt/SolarSwarm-Node-Visualizer/ros_ws/src/turtle_subscriber'
[0.273s] INFO:colcon.colcon_core.shell:Skip shell extension 'powershell' for command environment: Not usable outside of PowerShell
[0.273s] DEBUG:colcon.colcon_core.shell:Skip shell extension 'dsv' for command environment
[0.595s] DEBUG:colcon.colcon_core.event_handler.log_command:Invoking command in '/home/vboxuser/Documents/SoftwarePrakt/SolarSwarm-Node-Visualizer/ros_ws/src/turtle_subscriber': PYTHONPATH=/home/vboxuser/Documents/SoftwarePrakt/SolarSwarm-Node-Visualizer/ros_ws/build/turtle_subscriber/prefix_override:/usr/lib/python3/dist-packages/colcon_core/task/python/colcon_distutils_commands:/home/vboxuser/Documents/SoftwarePrakt/SolarSwarm-Node-Visualizer/ros_ws/install/turtle_subscriber/lib/python3.12/site-packages:${PYTHONPATH} /usr/bin/python3 -W ignore:setup.py install is deprecated -W ignore:easy_install command is deprecated setup.py egg_info --egg-base ../../build/turtle_subscriber build --build-base /home/vboxuser/Documents/SoftwarePrakt/SolarSwarm-Node-Visualizer/ros_ws/build/turtle_subscriber/build install --record /home/vboxuser/Documents/SoftwarePrakt/SolarSwarm-Node-Visualizer/ros_ws/build/turtle_subscriber/install.log --single-version-externally-managed install_data
[0.900s] DEBUG:colcon.colcon_core.event_handler.log_command:Invoked command in '/home/vboxuser/Documents/SoftwarePrakt/SolarSwarm-Node-Visualizer/ros_ws/src/turtle_subscriber' returned '0': PYTHONPATH=/home/vboxuser/Documents/SoftwarePrakt/SolarSwarm-Node-Visualizer/ros_ws/build/turtle_subscriber/prefix_override:/usr/lib/python3/dist-packages/colcon_core/task/python/colcon_distutils_commands:/home/vboxuser/Documents/SoftwarePrakt/SolarSwarm-Node-Visualizer/ros_ws/install/turtle_subscriber/lib/python3.12/site-packages:${PYTHONPATH} /usr/bin/python3 -W ignore:setup.py install is deprecated -W ignore:easy_install command is deprecated setup.py egg_info --egg-base ../../build/turtle_subscriber build --build-base /home/vboxuser/Documents/SoftwarePrakt/SolarSwarm-Node-Visualizer/ros_ws/build/turtle_subscriber/build install --record /home/vboxuser/Documents/SoftwarePrakt/SolarSwarm-Node-Visualizer/ros_ws/build/turtle_subscriber/install.log --single-version-externally-managed install_data
[0.900s] Level 1:colcon.colcon_core.environment:checking '/home/vboxuser/Documents/SoftwarePrakt/SolarSwarm-Node-Visualizer/ros_ws/install/turtle_subscriber' for CMake module files
[0.900s] Level 1:colcon.colcon_core.environment:checking '/home/vboxuser/Documents/SoftwarePrakt/SolarSwarm-Node-Visualizer/ros_ws/install/turtle_subscriber' for CMake config files
[0.901s] Level 1:colcon.colcon_core.environment:checking '/home/vboxuser/Documents/SoftwarePrakt/SolarSwarm-Node-Visualizer/ros_ws/install/turtle_subscriber/lib'
[0.901s] Level 1:colcon.colcon_core.environment:checking '/home/vboxuser/Documents/SoftwarePrakt/SolarSwarm-Node-Visualizer/ros_ws/install/turtle_subscriber/bin'
[0.901s] Level 1:colcon.colcon_core.environment:checking '/home/vboxuser/Documents/SoftwarePrakt/SolarSwarm-Node-Visualizer/ros_ws/install/turtle_subscriber/lib/pkgconfig/turtle_subscriber.pc'
[0.901s] Level 1:colcon.colcon_core.environment:checking '/home/vboxuser/Documents/SoftwarePrakt/SolarSwarm-Node-Visualizer/ros_ws/install/turtle_subscriber/lib/python3.12/site-packages'
[0.901s] Level 1:colcon.colcon_core.shell:create_environment_hook('turtle_subscriber', 'pythonpath')
[0.901s] INFO:colcon.colcon_core.shell:Creating environment hook '/home/vboxuser/Documents/SoftwarePrakt/SolarSwarm-Node-Visualizer/ros_ws/install/turtle_subscriber/share/turtle_subscriber/hook/pythonpath.ps1'
[0.902s] INFO:colcon.colcon_core.shell:Creating environment descriptor '/home/vboxuser/Documents/SoftwarePrakt/SolarSwarm-Node-Visualizer/ros_ws/install/turtle_subscriber/share/turtle_subscriber/hook/pythonpath.dsv'
[0.902s] INFO:colcon.colcon_core.shell:Creating environment hook '/home/vboxuser/Documents/SoftwarePrakt/SolarSwarm-Node-Visualizer/ros_ws/install/turtle_subscriber/share/turtle_subscriber/hook/pythonpath.sh'
[0.903s] Level 1:colcon.colcon_core.environment:checking '/home/vboxuser/Documents/SoftwarePrakt/SolarSwarm-Node-Visualizer/ros_ws/install/turtle_subscriber/bin'
[0.903s] Level 1:colcon.colcon_core.environment:create_environment_scripts_only(turtle_subscriber)
[0.903s] INFO:colcon.colcon_core.shell:Creating package script '/home/vboxuser/Documents/SoftwarePrakt/SolarSwarm-Node-Visualizer/ros_ws/install/turtle_subscriber/share/turtle_subscriber/package.ps1'
[0.903s] INFO:colcon.colcon_core.shell:Creating package descriptor '/home/vboxuser/Documents/SoftwarePrakt/SolarSwarm-Node-Visualizer/ros_ws/install/turtle_subscriber/share/turtle_subscriber/package.dsv'
[0.904s] INFO:colcon.colcon_core.shell:Creating package script '/home/vboxuser/Documents/SoftwarePrakt/SolarSwarm-Node-Visualizer/ros_ws/install/turtle_subscriber/share/turtle_subscriber/package.sh'
[0.904s] INFO:colcon.colcon_core.shell:Creating package script '/home/vboxuser/Documents/SoftwarePrakt/SolarSwarm-Node-Visualizer/ros_ws/install/turtle_subscriber/share/turtle_subscriber/package.bash'
[0.905s] INFO:colcon.colcon_core.shell:Creating package script '/home/vboxuser/Documents/SoftwarePrakt/SolarSwarm-Node-Visualizer/ros_ws/install/turtle_subscriber/share/turtle_subscriber/package.zsh'
[0.905s] Level 1:colcon.colcon_core.environment:create_file_with_runtime_dependencies(/home/vboxuser/Documents/SoftwarePrakt/SolarSwarm-Node-Visualizer/ros_ws/install/turtle_subscriber/share/colcon-core/packages/turtle_subscriber)
[0.906s] DEBUG:colcon.colcon_parallel_executor.executor.parallel:closing loop
[0.906s] DEBUG:colcon.colcon_parallel_executor.executor.parallel:loop closed
[0.906s] DEBUG:colcon.colcon_parallel_executor.executor.parallel:run_until_complete finished with '0'
[0.906s] DEBUG:colcon.colcon_core.event_reactor:joining thread
[0.910s] INFO:colcon.colcon_core.plugin_system:Skipping extension 'colcon_notification.desktop_notification.terminal_notifier': Not used on non-Darwin systems
[0.910s] INFO:colcon.colcon_core.plugin_system:Skipping extension 'colcon_notification.desktop_notification.win32': Not used on non-Windows systems
[0.910s] INFO:colcon.colcon_notification.desktop_notification:Sending desktop notification using 'notify2'
[0.912s] DEBUG:colcon.colcon_notification.desktop_notification.notify2:Failed to initialize notify2: org.freedesktop.DBus.Error.Spawn.ExecFailed: /usr/bin/dbus-launch terminated abnormally without any error message
[0.913s] DEBUG:colcon.colcon_core.event_reactor:joined thread
[0.913s] INFO:colcon.colcon_core.shell:Creating prefix script '/home/vboxuser/Documents/SoftwarePrakt/SolarSwarm-Node-Visualizer/ros_ws/install/local_setup.ps1'
[0.913s] INFO:colcon.colcon_core.shell:Creating prefix util module '/home/vboxuser/Documents/SoftwarePrakt/SolarSwarm-Node-Visualizer/ros_ws/install/_local_setup_util_ps1.py'
[0.916s] INFO:colcon.colcon_core.shell:Creating prefix chain script '/home/vboxuser/Documents/SoftwarePrakt/SolarSwarm-Node-Visualizer/ros_ws/install/setup.ps1'
[0.918s] INFO:colcon.colcon_core.shell:Creating prefix script '/home/vboxuser/Documents/SoftwarePrakt/SolarSwarm-Node-Visualizer/ros_ws/install/local_setup.sh'
[0.919s] INFO:colcon.colcon_core.shell:Creating prefix util module '/home/vboxuser/Documents/SoftwarePrakt/SolarSwarm-Node-Visualizer/ros_ws/install/_local_setup_util_sh.py'
[0.920s] INFO:colcon.colcon_core.shell:Creating prefix chain script '/home/vboxuser/Documents/SoftwarePrakt/SolarSwarm-Node-Visualizer/ros_ws/install/setup.sh'
[0.920s] INFO:colcon.colcon_core.shell:Creating prefix script '/home/vboxuser/Documents/SoftwarePrakt/SolarSwarm-Node-Visualizer/ros_ws/install/local_setup.bash'
[0.921s] INFO:colcon.colcon_core.shell:Creating prefix chain script '/home/vboxuser/Documents/SoftwarePrakt/SolarSwarm-Node-Visualizer/ros_ws/install/setup.bash'
[0.921s] INFO:colcon.colcon_core.shell:Creating prefix script '/home/vboxuser/Documents/SoftwarePrakt/SolarSwarm-Node-Visualizer/ros_ws/install/local_setup.zsh'
[0.921s] INFO:colcon.colcon_core.shell:Creating prefix chain script '/home/vboxuser/Documents/SoftwarePrakt/SolarSwarm-Node-Visualizer/ros_ws/install/setup.zsh'
